  main2.cpp
c:\users\igor farszky\visual studio 2015\projects\rg\rg\main2.cpp(169): warning C4244: 'argument': conversion from 'time_t' to 'unsigned int', possible loss of data
c:\users\igor farszky\visual studio 2015\projects\rg\rg\main2.cpp(258): warning C4244: 'argument': conversion from 'float' to 'GLubyte', possible loss of data
c:\users\igor farszky\visual studio 2015\projects\rg\rg\main2.cpp(298): warning C4244: 'argument': conversion from 'float' to 'GLubyte', possible loss of data
c:\users\igor farszky\visual studio 2015\projects\rg\rg\main2.cpp(357): warning C4018: '<': signed/unsigned mismatch
c:\users\igor farszky\visual studio 2015\projects\rg\rg\main2.cpp(357): warning C4018: '>=': signed/unsigned mismatch
c:\users\igor farszky\visual studio 2015\projects\rg\rg\main2.cpp(391): warning C4244: 'initializing': conversion from 'float' to 'int', possible loss of data
c:\users\igor farszky\visual studio 2015\projects\rg\rg\main2.cpp(392): warning C4244: 'initializing': conversion from 'float' to 'int', possible loss of data
c:\users\igor farszky\visual studio 2015\projects\rg\rg\main2.cpp(393): warning C4244: 'initializing': conversion from 'float' to 'int', possible loss of data
c:\users\igor farszky\visual studio 2015\projects\rg\rg\main2.cpp(403): warning C4244: '=': conversion from 'GLdouble' to 'float', possible loss of data
c:\users\igor farszky\visual studio 2015\projects\rg\rg\main2.cpp(404): warning C4244: '=': conversion from 'GLdouble' to 'float', possible loss of data
c:\users\igor farszky\visual studio 2015\projects\rg\rg\main2.cpp(405): warning C4244: '=': conversion from 'GLdouble' to 'float', possible loss of data
c:\users\igor farszky\visual studio 2015\projects\rg\rg\main2.cpp(417): warning C4244: 'argument': conversion from 'int' to 'GLfloat', possible loss of data
c:\users\igor farszky\visual studio 2015\projects\rg\rg\main2.cpp(418): warning C4244: 'argument': conversion from 'double' to 'GLfloat', possible loss of data
c:\users\igor farszky\visual studio 2015\projects\rg\rg\main2.cpp(437): warning C4244: '=': conversion from 'int' to 'float', possible loss of data
c:\users\igor farszky\visual studio 2015\projects\rg\rg\main2.cpp(438): warning C4244: '=': conversion from 'int' to 'float', possible loss of data
c:\users\igor farszky\visual studio 2015\projects\rg\rg\main2.cpp(439): warning C4244: '=': conversion from 'int' to 'float', possible loss of data
c:\users\igor farszky\visual studio 2015\projects\rg\rg\main2.cpp(442): warning C4244: '=': conversion from 'double' to 'float', possible loss of data
c:\users\igor farszky\visual studio 2015\projects\rg\rg\main2.cpp(464): warning C4244: 'initializing': conversion from 'float' to 'int', possible loss of data
c:\users\igor farszky\visual studio 2015\projects\rg\rg\main2.cpp(465): warning C4244: 'initializing': conversion from 'float' to 'int', possible loss of data
c:\users\igor farszky\visual studio 2015\projects\rg\rg\main2.cpp(466): warning C4244: 'initializing': conversion from 'float' to 'int', possible loss of data
c:\users\igor farszky\visual studio 2015\projects\rg\rg\main2.cpp(476): warning C4244: '=': conversion from 'GLdouble' to 'float', possible loss of data
c:\users\igor farszky\visual studio 2015\projects\rg\rg\main2.cpp(477): warning C4244: '=': conversion from 'GLdouble' to 'float', possible loss of data
c:\users\igor farszky\visual studio 2015\projects\rg\rg\main2.cpp(478): warning C4244: '=': conversion from 'GLdouble' to 'float', possible loss of data
c:\users\igor farszky\visual studio 2015\projects\rg\rg\main2.cpp(490): warning C4244: 'argument': conversion from 'int' to 'GLfloat', possible loss of data
c:\users\igor farszky\visual studio 2015\projects\rg\rg\main2.cpp(491): warning C4244: 'argument': conversion from 'double' to 'GLfloat', possible loss of data
c:\users\igor farszky\visual studio 2015\projects\rg\rg\main2.cpp(510): warning C4244: '=': conversion from 'int' to 'float', possible loss of data
c:\users\igor farszky\visual studio 2015\projects\rg\rg\main2.cpp(511): warning C4244: '=': conversion from 'int' to 'float', possible loss of data
c:\users\igor farszky\visual studio 2015\projects\rg\rg\main2.cpp(512): warning C4244: '=': conversion from 'int' to 'float', possible loss of data
c:\users\igor farszky\visual studio 2015\projects\rg\rg\main2.cpp(515): warning C4244: '=': conversion from 'double' to 'float', possible loss of data
c:\users\igor farszky\visual studio 2015\projects\rg\rg\main2.cpp(534): warning C4244: 'initializing': conversion from 'float' to 'int', possible loss of data
c:\users\igor farszky\visual studio 2015\projects\rg\rg\main2.cpp(535): warning C4244: 'initializing': conversion from 'float' to 'int', possible loss of data
c:\users\igor farszky\visual studio 2015\projects\rg\rg\main2.cpp(536): warning C4244: 'initializing': conversion from 'float' to 'int', possible loss of data
c:\users\igor farszky\visual studio 2015\projects\rg\rg\main2.cpp(546): warning C4244: '=': conversion from 'GLdouble' to 'float', possible loss of data
c:\users\igor farszky\visual studio 2015\projects\rg\rg\main2.cpp(547): warning C4244: '=': conversion from 'GLdouble' to 'float', possible loss of data
c:\users\igor farszky\visual studio 2015\projects\rg\rg\main2.cpp(548): warning C4244: '=': conversion from 'GLdouble' to 'float', possible loss of data
c:\users\igor farszky\visual studio 2015\projects\rg\rg\main2.cpp(560): warning C4244: 'argument': conversion from 'int' to 'GLfloat', possible loss of data
c:\users\igor farszky\visual studio 2015\projects\rg\rg\main2.cpp(561): warning C4244: 'argument': conversion from 'double' to 'GLfloat', possible loss of data
  RG.vcxproj -> C:\Users\Igor Farszky\visual studio 2015\Projects\RG\Debug\RG.exe
  RG.vcxproj -> C:\Users\Igor Farszky\visual studio 2015\Projects\RG\Debug\RG.pdb (Partial PDB)
